[0530/051503.006:ERROR:process_reader_win.cc(123)] NtOpenThread: {Access Denied} A process has requested access to an object, but has not been granted those access rights. (0xc0000022)
[0530/051503.944:ERROR:exception_snapshot_win.cc(98)] thread ID 11704 not found in process
[0622/131955.165:ERROR:process_reader_win.cc(123)] NtOpenThread: {Access Denied} A process has requested access to an object, but has not been granted those access rights. (0xc0000022)
[0622/131955.294:ERROR:exception_snapshot_win.cc(98)] thread ID 7056 not found in process
[0622/131955.175:ERROR:process_reader_win.cc(123)] NtOpenThread: {Access Denied} A process has requested access to an object, but has not been granted those access rights. (0xc0000022)
[0622/131955.294:ERROR:exception_snapshot_win.cc(98)] thread ID 5612 not found in process
[0627/181705.785:ERROR:process_info.cc(329)] VirtualQueryEx: Access is denied. (0x5)
[0627/181706.425:ERROR:process_info.cc(556)] ReadMemoryInfo failed
[0627/181705.785:ERROR:process_reader_win.cc(123)] NtOpenThread: {Access Denied} A process has requested access to an object, but has not been granted those access rights. (0xc0000022)
[0627/181706.472:ERROR:exception_snapshot_win.cc(98)] thread ID 9740 not found in process
[0627/181706.472:ERROR:scoped_process_suspend.cc(40)] NtResumeProcess: An attempt was made to access an exiting process. (0xc000010a)
[0627/181706.425:ERROR:scoped_process_suspend.cc(40)] NtResumeProcess: An attempt was made to access an exiting process. (0xc000010a)
[0628/224331.041:ERROR:process_reader_win.cc(123)] NtOpenThread: {Access Denied} A process has requested access to an object, but has not been granted those access rights. (0xc0000022)
[0628/224332.510:ERROR:exception_snapshot_win.cc(98)] thread ID 6440 not found in process
[0722/030714.203:ERROR:process_reader_win.cc(123)] NtOpenThread: {Access Denied} A process has requested access to an object, but has not been granted those access rights. (0xc0000022)
[0722/030714.203:ERROR:process_reader_win.cc(123)] NtOpenThread: {Access Denied} A process has requested access to an object, but has not been granted those access rights. (0xc0000022)
[0722/030714.250:ERROR:exception_snapshot_win.cc(98)] thread ID 1600 not found in process
[0722/030714.250:ERROR:exception_snapshot_win.cc(98)] thread ID 616 not found in process
[0723/022501.358:ERROR:process_info.cc(359)] UncheckedAllocate
[0723/022502.296:ERROR:process_info.cc(359)] UncheckedAllocate
[0723/022503.981:ERROR:scoped_process_suspend.cc(40)] NtResumeProcess: An attempt was made to access an exiting process. (0xc000010a)
